Compilación iniciada a las 4/28/2015 7:37:01 PM.
     1>Proyecto "c:\Users\Carlos\documents\visual studio 2013\Projects\Practica3_LP\Practica3_LP\Practica3_LP.vcxproj" en el nodo 2 (Build destinos).
     1>ClCompile:
         C:\Microsoft Visual Studio 12.0\VC\bin\CL.exe /c /ZI /nologo /W3 /WX- /sdl /Od /Oy- /D _MBCS /Gm /EHsc /RTC1 /MDd /GS /fp:precise /Zc:wchar_t /Zc:forScope /Fo"Debug\\" /Fd"Debug\vc120.pdb" /Gd /TP /analyze- /errorReport:prompt Atleta.cpp Lanzador.cpp Main.cpp MedioFondista.cpp Prueba.cpp Velocista.cpp
         Velocista.cpp
         Prueba.cpp
         MedioFondista.cpp
         Main.cpp
         Lanzador.cpp
         Atleta.cpp
         Generando código...
       Link:
         C:\Microsoft Visual Studio 12.0\VC\bin\link.exe /ERRORREPORT:PROMPT /OUT:"c:\users\carlos\documents\visual studio 2013\Projects\Practica3_LP\Debug\Practica3_LP.exe" /INCREMENTAL /NOLOGO kernel32.lib user32.lib gdi32.lib winspool.lib comdlg32.lib advapi32.lib shell32.lib ole32.lib oleaut32.lib uuid.lib odbc32.lib odbccp32.lib /MANIFEST /MANIFESTUAC:"level='asInvoker' uiAccess='false'" /manifest:embed /DEBUG /PDB:"c:\users\carlos\documents\visual studio 2013\Projects\Practica3_LP\Debug\Practica3_LP.pdb" /TLBID:1 /DYNAMICBASE /NXCOMPAT /IMPLIB:"c:\users\carlos\documents\visual studio 2013\Projects\Practica3_LP\Debug\Practica3_LP.lib" /MACHINE:X86 Debug\Atleta.obj
         Debug\Lanzador.obj
         Debug\Main.obj
         Debug\MedioFondista.obj
         Debug\Prueba.obj
         Debug\Velocista.obj
         Practica3_LP.vcxproj -> c:\users\carlos\documents\visual studio 2013\Projects\Practica3_LP\Debug\Practica3_LP.exe
     1>Compilación del proyecto terminada "c:\Users\Carlos\documents\visual studio 2013\Projects\Practica3_LP\Practica3_LP\Practica3_LP.vcxproj" (Build destinos).

Compilación correcta.

Tiempo transcurrido 00:00:04.56
